22:48:23 **** Rebuild of configuration Debug for project OOP_Inheritance_in_C ****
Info: Internal Builder is used for build
gcc -O0 -g3 -Wall -c -fmessage-length=0 -o rectangle.o "..\\rectangle.c" 
..\rectangle.c: In function 'rectangle_constructor':
..\rectangle.c:13:2: warning: implicit declaration of function 'shape_constructor' [-Wimplicit-function-declaration]
  shape_constructor(&me->rect,x0,y0);
  ^~~~~~~~~~~~~~~~~
gcc -O0 -g3 -Wall -c -fmessage-length=0 -o shape.o "..\\shape.c" 
gcc -O0 -g3 -Wall -c -fmessage-length=0 -o main.o "..\\main.c" 
..\main.c: In function 'main':
..\main.c:19:2: warning: implicit declaration of function 'shape_constructor' [-Wimplicit-function-declaration]
  shape_constructor(&s1,1,2);
  ^~~~~~~~~~~~~~~~~
..\main.c:24:2: warning: implicit declaration of function 'shape_move' [-Wimplicit-function-declaration]
  shape_move(&s1,10,1);
  ^~~~~~~~~~
In file included from ..\main.c:8:0:
..\main.c:27:9: warning: implicit declaration of function 'shape_distanceFrom' [-Wimplicit-function-declaration]
  assert(shape_distanceFrom(&s1, &s2));
         ^
..\main.c:15:11: warning: variable 'area' set but not used [-Wunused-but-set-variable]
  uint32_t area;
           ^~~~
gcc -o OOP_Inheritance_in_C.exe main.o rectangle.o shape.o 

22:48:26 Build Finished (took 2s.951ms)

